~~~
<div id="922e0210-bfe9-4562-8880-6d614ae1ae11" data-jscall-id="108" style="visibility: hidden;">
  <div data-jscall-id="103">slider 1: 
    <input step="1" max="100" min="1" data-jscall-id="104" value="1" oninput="JSServe.update_obs('12812575238828217685', parseFloat(value))" type="range" />
    <p data-jscall-id="102">1</p>
  </div>
  <script data-jscall-id="105" type="text/javascript">
    window.__define = window.define;
    window.__require = window.require;
    window.define = undefined;
    window.require = undefined;

</script>
  <script data-jscall-id="106" type="text/javascript">
    window.define = window.__define;
    window.require = window.__require;
    window.__define = undefined;
    window.__require = undefined;

</script>
  <script data-jscall-id="107" type="text/javascript">
(()=> {
    JSServe.register_sub_session('922e0210-bfe9-4562-8880-6d614ae1ae11')
    const init_data_b64 = 'H4sIAAAAAAAAA8WUQW/TMBiGxbW/wres0trFXpw6SOMA40AlGFO5IWS58ddiSOwodrpGiEs5I7ErN0BauY8fwV/g35C5owVUraKdRJSDI7/f5zzfm7yzeSHqzAj58d2v1Z3PSn7DhGFCe5QcMkYYwb2Y0a+5HXNXF/CJLsWzS85fiYmwaakK53c5v+gPHhgJS82FNVWZwo/vJbiq1GhU6dQpo5HRvCqkcLCn4YxPRFZBG71poeY6OFDaQVmYTDilx8iM0PHJY6SbvhYJLZFxL6FE/SpTAvlKi85M+RrlxrqsRsIimBaQOpB3fcPUaOtQwSGDHLRDR4hzaAp5s+Fg6jh/Hr7wyqWmq7SG8lmz2aiXb9h625pf15yvxZ8fm/zJb/xfcEg2zxT/YcAlDSmjhMU9imOMkx6jbN38pddGIY4opgljGFOaJGSt1veNeiSJMCFxEh/SMIpDhnf29em1r348R/dQfzCAcgLdhbf8yjMunCvVsGqsXjP2fRRYB0Wwv2jR/uf5RhtHhrdDO7kFtFxMdyW7yeD/Sab0jmQ3fo5bkp3eApmv3Y1t0/8+2wru/SrLRFFkKhVXScqlyZuMkiatfHCNwT1cZNj9+pHcCxJCICQ47AxHkHQiGpMOYyzsxDLGkQDc3Dho+/T7q2vXujqD7kRZNVSZcnVzTOCfMgiWQfhhxUVWy+Qnt+TUEl4GAAA='
    JSServe.init_from_b64(init_data_b64)
    if (!true){
        JSServe.update_obs('9963472767352082989', true)
    }
})()
</script>
</div>
~~~
